Arguments: 
  f:\nodejs\node.exe C:\Users\Abdul\AppData\Roaming\npm\node_modules\yarn\bin\yarn.js add express jsonwebtokenamqplib nodemon

PATH: 
  c:\windows\system32;c:\mingw\bin;f:\git\cmd;f:\mathlab\runtime\win64;f:\mathlab\bin;f:\nodejs\;c:\windows;c:\windows\system32\wbem;c:\windows\system32\windowspowershell\v1.0\;c:\program files\putty\;c:\program files\nvidia corporation\nvidia nvdlisr;c:\windows\system32;c:\windows;c:\windows\system32\wbem;c:\windows\system32\windowspowershell\v1.0\;c:\windows\system32\openssh\;f:\git\cmd;c:\program files\docker\docker\resources\bin;c:\programdata\dockerdesktop\version-bin;c:\neovim\bin;;C:\Program Files (x86)\NVIDIA Corporation\PhysX\Common;C:\Program Files\Docker\Docker\resources\bin;C:\ProgramData\DockerDesktop\version-bin;C:\Program Files\Go\bin;C:\Windows\System32;C:\Microsoft VS Code\bin;C:\Python;C:\Python\Scripts;C:\Users\Abdul\AppData\Roaming\npm;C:\WINDOWS/system32/WindowsPowerShell/v1.0;C:\Users\Abdul\AppData\Local\Microsoft\WindowsApps;F:\Git\mingw64\bin;F:\Git\mingw64\libexec\git-core;C:\Neovim;C:\Neovim\bin;C:\Users\Abdul\go\bin

Yarn version: 
  1.22.10

Node version: 
  14.15.1

Platform: 
  win32 x64

Trace: 
  Error: https://registry.yarnpkg.com/jsonwebtokenamqplib: Not found
      at Request.params.callback [as _callback] (C:\Users\Abdul\AppData\Roaming\npm\node_modules\yarn\lib\cli.js:66988:18)
      at Request.self.callback (C:\Users\Abdul\AppData\Roaming\npm\node_modules\yarn\lib\cli.js:140662:22)
      at Request.emit (events.js:315:20)
      at Request.<anonymous> (C:\Users\Abdul\AppData\Roaming\npm\node_modules\yarn\lib\cli.js:141634:10)
      at Request.emit (events.js:315:20)
      at IncomingMessage.<anonymous> (C:\Users\Abdul\AppData\Roaming\npm\node_modules\yarn\lib\cli.js:141556:12)
      at Object.onceWrapper (events.js:421:28)
      at IncomingMessage.emit (events.js:327:22)
      at endReadableNT (_stream_readable.js:1327:12)
      at processTicksAndRejections (internal/process/task_queues.js:80:21)

npm manifest: 
  {
    "name": "auth-service",
    "version": "1.0.0",
    "main": "index.js",
    "license": "MIT"
  }

yarn manifest: 
  No manifest

Lockfile: 
  No lockfile
